INFO:__main__:User Zé: CADE
INFO:__main__:User Zé: senha: cade@2020
INFO:__main__:User Zé: José Gildo
INFO:__main__:User Zé: PhD
INFO:__main__:User Zé: Data Scientist
INFO:__main__:User Zé: 83
INFO:__main__:User Zé: 99690 4245
INFO:__main__:User Zé: jose.araujo
INFO:telegram.ext.updater:Received signal 2 (SIGINT), stopping...
WARNING:telegram.ext.updater:Exiting immediately!
INFO:__main__:User Zé: CADE
INFO:__main__:User Zé: senha: cade@2020
INFO:__main__:User Zé: José Gildo
INFO:__main__:User Zé: PhD
INFO:__main__:User Zé: Data Scientist
INFO:__main__:User Zé: 83
INFO:__main__:User Zé: 99690 4245
INFO:__main__:User Zé: jose.araujo
INFO:telegram.ext.updater:Received signal 2 (SIGINT), stopping...
WARNING:telegram.ext.updater:Exiting immediately!
INFO:__main__:User Zé: CADE
INFO:__main__:User Zé: senha: cade@2020
INFO:__main__:User Zé: José Gildo
INFO:__main__:User Zé: PhD
INFO:__main__:User Zé: Data Scientist
INFO:__main__:User Zé: 83
INFO:__main__:User Zé: 99690 4245
INFO:__main__:User Zé: jose.araujo
INFO:telegram.ext.updater:Received signal 2 (SIGINT), stopping...
WARNING:telegram.ext.updater:Exiting immediately!
INFO:__main__:User Zé: CADE
INFO:__main__:User Zé: senha: cade@2020
INFO:__main__:User Zé: José Gildo
INFO:__main__:User Zé: PhD
INFO:__main__:User Zé: Data Scientist
INFO:__main__:User Zé: 83
INFO:__main__:User Zé: 99690 4245
INFO:__main__:User Zé: jose.araujo
INFO:telegram.ext.updater:Received signal 2 (SIGINT), stopping...
WARNING:telegram.ext.updater:Exiting immediately!
INFO:__main__:User Zé: CADE
INFO:__main__:User Zé: senha: cade@2020
INFO:__main__:User Zé: José Gildo
INFO:__main__:User Zé: PhD
INFO:__main__:User Zé: Data Scientist
INFO:__main__:User Zé: 83
INFO:__main__:User Zé: 99690 4245
INFO:__main__:User Zé: jose.araujo
INFO:telegram.ext.updater:Received signal 2 (SIGINT), stopping...
WARNING:telegram.ext.updater:Exiting immediately!
INFO:__main__:User Zé: CADE
INFO:__main__:User Zé: senha: cade@2020
INFO:__main__:User Zé: José Gildo
INFO:__main__:User Zé: PhD
INFO:__main__:User Zé: Data
INFO:__main__:User Zé: 83
INFO:__main__:User Zé: 98765432
INFO:__main__:User Zé: Jose.araujo
INFO:telegram.ext.updater:Received signal 2 (SIGINT), stopping...
WARNING:telegram.ext.updater:Exiting immediately!
INFO:__main__:User Zé: CADE
INFO:__main__:User Zé: senha: cade@2020
INFO:__main__:User Zé: José Gildo
INFO:__main__:User Zé: PhD
INFO:__main__:User Zé: Data Scientist
INFO:__main__:User Zé: 83
INFO:__main__:User Zé: 99690 4245
INFO:__main__:User Zé: jose.araujo
INFO:telegram.ext.updater:Received signal 2 (SIGINT), stopping...
WARNING:telegram.ext.updater:Exiting immediately!
INFO:__main__:User Zé: CADE
INFO:__main__:User Zé: senha: cade@2020
INFO:__main__:User Zé: José Gildo
INFO:__main__:User Zé: PhD
INFO:__main__:User Zé: Data Scientist
INFO:__main__:User Zé: 83
INFO:__main__:User Zé: 99690 4245
INFO:__main__:User Zé: Jose.araujo
INFO:__main__:User Zé: CADE
INFO:__main__:User Zé: senha: cade@2020
INFO:__main__:User Zé: Guilherme Resende
INFO:__main__:User Zé: PhD
INFO:__main__:User Zé: Economista Chefe
INFO:__main__:User Zé: 61
INFO:__main__:User Zé: 98765 9876
INFO:__main__:User Zé: guilherme.resende
INFO:telegram.ext.updater:Received signal 2 (SIGINT), stopping...
WARNING:telegram.ext.updater:Exiting immediately!
INFO:__main__:User Zé: CADE
INFO:__main__:User Zé: senha: cade@2020
INFO:__main__:User Zé: Guilherme Resende
INFO:__main__:User Zé: PhD
INFO:__main__:User Zé: Economista Chefe
INFO:__main__:User Zé: 61
INFO:__main__:User Zé: 99876 9876
INFO:__main__:User Zé: guilherme.resende
INFO:__main__:User Zé: CADE
INFO:__main__:User Zé: senha: cade@2020
INFO:__main__:User Zé: Patrícia Svairowisk
INFO:__main__:User Zé: Ms.
INFO:__main__:User Zé: Economista Chefe Adjunta
INFO:__main__:User Zé: 61
INFO:__main__:User Zé: 98765 6543
INFO:__main__:User Zé: Patricia.piatetsky
INFO:telegram.ext.updater:Received signal 2 (SIGINT), stopping...
