INFO:__main__:User Zé: CADE
INFO:__main__:User Zé: senha: cade@2020
INFO:__main__:User Zé: José Gildo
INFO:__main__:User Zé: Ph.D.
INFO:__main__:User Zé: Data Scientist
INFO:__main__:User Zé: 83
INFO:__main__:User Zé: 99690 4245
INFO:__main__:User Zé: Jose.araujo
INFO:telegram.ext.updater:Received signal 2 (SIGINT), stopping...
WARNING:telegram.ext.updater:Exiting immediately!
INFO:__main__:User Zé: CADE
INFO:__main__:User Zé: senha: cade@2020
INFO:telegram.ext.updater:Received signal 2 (SIGINT), stopping...
WARNING:telegram.ext.updater:Exiting immediately!
INFO:__main__:User Zé: CADE
INFO:__main__:User Zé: CADE
INFO:__main__:User Zé: senha: cade@2020
INFO:telegram.ext.updater:Received signal 2 (SIGINT), stopping...
WARNING:telegram.ext.updater:Exiting immediately!
INFO:__main__:User Zé: CADE
INFO:__main__:User Zé: senha: cade@2020
INFO:telegram.ext.updater:Received signal 2 (SIGINT), stopping...
WARNING:telegram.ext.updater:Exiting immediately!
INFO:__main__:User Zé: CADE
INFO:__main__:User Zé: senha: cade@2020
INFO:__main__:User Zé: José Gildo
INFO:__main__:User Zé: Ph.D.
INFO:__main__:User Zé: Data Scientist
INFO:__main__:User Zé: 83
INFO:__main__:User Zé: 99690 4245
INFO:__main__:User Zé: Jose.araujo
INFO:telegram.ext.updater:Received signal 2 (SIGINT), stopping...
INFO:__main__:User Zé: CADE
INFO:__main__:User Zé: senha: cade@2020
INFO:__main__:User Zé: Ana Luiza
INFO:__main__:User Zé: BSc.
INFO:__main__:User Zé: Analista de Desenvolvimento
INFO:__main__:User Zé: 83
INFO:__main__:User Zé: 99876 5432
INFO:__main__:User Zé: Ana.luiza
INFO:__main__:User Zé: CADE
INFO:__main__:User Zé: senha: cade@2020
INFO:__main__:User Zé: Ana Luiza
INFO:__main__:User Zé: BSc.
INFO:__main__:User Zé: Economista
INFO:__main__:User Zé: 83
INFO:__main__:User Zé: 98721446
INFO:__main__:User Zé: Analuiza
